<?xml version="1.0" encoding="UTF-8"?>
<!-- Generated by org.testng.reporters.JUnitXMLReporter -->
<testsuite hostname="DESKTOP-KRLAL0I" ignored="1" name="Default test" tests="1" failures="0" timestamp="06 Mar 2019 07:29:27 GMT" time="21.139" errors="0">
  <testcase name="automationRegistration" time="6.864" classname="com.sales.AmazonServices.TC_006"/>
  <testcase name="automationLogin" time="0.0" classname="com.sales.AmazonServices.TC_006">
    <ignored/>
  </testcase> <!-- automationLogin -->
</testsuite> <!-- Default test -->
