<?xml version="1.0" encoding="UTF-8"?>
<testng-results skipped="0" failed="1" ignored="1" total="2" passed="0">
  <reporter-output>
  </reporter-output>
  <suite name="Default suite" duration-ms="22819" started-at="2019-03-05T07:34:39Z" finished-at="2019-03-05T07:35:02Z">
    <groups>
    </groups>
    <test name="Default test" duration-ms="22819" started-at="2019-03-05T07:34:39Z" finished-at="2019-03-05T07:35:02Z">
      <class name="com.sales.AmazonServices.TC_006">
        <test-method status="PASS" signature="startProcess()[pri:0, instance:com.sales.AmazonServices.TC_006@5abca1e0]" name="startProcess" is-config="true" duration-ms="13777" started-at="2019-03-05T07:34:39Z" finished-at="2019-03-05T07:34:53Z">
          <reporter-output>
          </reporter-output>
        </test-method> <!-- startProcess -->
        <test-method status="FAIL" signature="automationRegistration()[pri:0, instance:com.sales.AmazonServices.TC_006@5abca1e0]" name="automationRegistration" duration-ms="8998" started-at="2019-03-05T07:34:53Z" finished-at="2019-03-05T07:35:02Z">
          <exception class="java.lang.NullPointerException">
            <full-stacktrace>
              <![CDATA[java.lang.NullPointerException
at org.openqa.selenium.support.ui.Select.<init>(Select.java:44)
at com.sales.AmazonServices.BasePage.selectValue(BasePage.java:104)
at com.sales.AmazonServices.PageUI.customerRegistration(PageUI.java:84)
at com.sales.AmazonServices.TC_006.automationRegistration(TC_006.java:34)
at sun.reflect.NativeMethodAccessorImpl.invoke0(Native Method)
at sun.reflect.NativeMethodAccessorImpl.invoke(NativeMethodAccessorImpl.java:62)
at sun.reflect.DelegatingMethodAccessorImpl.invoke(DelegatingMethodAccessorImpl.java:43)
at java.lang.reflect.Method.invoke(Method.java:498)
at org.testng.internal.MethodInvocationHelper.invokeMethod(MethodInvocationHelper.java:124)
at org.testng.internal.Invoker.invokeMethod(Invoker.java:580)
at org.testng.internal.Invoker.invokeTestMethod(Invoker.java:716)
at org.testng.internal.Invoker.invokeTestMethods(Invoker.java:988)
at org.testng.internal.TestMethodWorker.invokeTestMethods(TestMethodWorker.java:125)
at org.testng.internal.TestMethodWorker.run(TestMethodWorker.java:109)
at org.testng.TestRunner.privateRun(TestRunner.java:648)
at org.testng.TestRunner.run(TestRunner.java:505)
at org.testng.SuiteRunner.runTest(SuiteRunner.java:455)
at org.testng.SuiteRunner.runSequentially(SuiteRunner.java:450)
at org.testng.SuiteRunner.privateRun(SuiteRunner.java:415)
at org.testng.SuiteRunner.run(SuiteRunner.java:364)
at org.testng.SuiteRunnerWorker.runSuite(SuiteRunnerWorker.java:52)
at org.testng.SuiteRunnerWorker.run(SuiteRunnerWorker.java:84)
at org.testng.TestNG.runSuitesSequentially(TestNG.java:1208)
at org.testng.TestNG.runSuitesLocally(TestNG.java:1137)
at org.testng.TestNG.runSuites(TestNG.java:1049)
at org.testng.TestNG.run(TestNG.java:1017)
at org.testng.remote.AbstractRemoteTestNG.run(AbstractRemoteTestNG.java:114)
at org.testng.remote.RemoteTestNG.initAndRun(RemoteTestNG.java:251)
at org.testng.remote.RemoteTestNG.main(RemoteTestNG.java:77)
]]>
            </full-stacktrace>
          </exception> <!-- java.lang.NullPointerException -->
          <reporter-output>
          </reporter-output>
        </test-method> <!-- automationRegistration -->
        <test-method status="PASS" signature="endProcess()[pri:0, instance:com.sales.AmazonServices.TC_006@5abca1e0]" name="endProcess" is-config="true" duration-ms="0" started-at="2019-03-05T07:35:02Z" finished-at="2019-03-05T07:35:02Z">
          <reporter-output>
          </reporter-output>
        </test-method> <!-- endProcess -->
      </class> <!-- com.sales.AmazonServices.TC_006 -->
    </test> <!-- Default test -->
  </suite> <!-- Default suite -->
</testng-results>
